<?xml version="1.0" encoding="UTF-8"?>
<testng-results skipped="0" failed="0" ignored="0" total="1" passed="1">
  <reporter-output>
  </reporter-output>
  <suite name="Default suite" duration-ms="15673" started-at="2020-05-28T16:52:54 PDT" finished-at="2020-05-28T16:53:10 PDT">
    <groups>
    </groups>
    <test name="Default test" duration-ms="15673" started-at="2020-05-28T16:52:54 PDT" finished-at="2020-05-28T16:53:10 PDT">
      <class name="com.mobileTesting.LaunchApp">
        <test-method status="PASS" signature="TriggerinBeforeSuiteDependency()[pri:0, instance:com.mobileTesting.LaunchApp@1b68ddbd]" name="TriggerinBeforeSuiteDependency" is-config="true" duration-ms="13136" started-at="2020-05-28T16:52:41 PDT" finished-at="2020-05-28T16:52:54 PDT">
          <reporter-output>
          </reporter-output>
        </test-method> <!-- TriggerinBeforeSuiteDependency -->
        <test-method status="PASS" signature="TC_01_Sum()[pri:0, instance:com.mobileTesting.LaunchApp@1b68ddbd]" name="TC_01_Sum" duration-ms="15619" started-at="2020-05-28T16:52:54 PDT" finished-at="2020-05-28T16:53:10 PDT">
          <reporter-output>
          </reporter-output>
        </test-method> <!-- TC_01_Sum -->
        <test-method status="PASS" signature="closeApp()[pri:0, instance:com.mobileTesting.LaunchApp@1b68ddbd]" name="closeApp" is-config="true" duration-ms="1033" started-at="2020-05-28T16:53:10 PDT" finished-at="2020-05-28T16:53:11 PDT">
          <reporter-output>
          </reporter-output>
        </test-method> <!-- closeApp -->
      </class> <!-- com.mobileTesting.LaunchApp -->
    </test> <!-- Default test -->
  </suite> <!-- Default suite -->
</testng-results>
